Threads:	1	All_time:	47	Working_time:	47	Synch_time:	0	Counter:	2400000
Threads:	2	All_time:	78	Working_time:	53	Synch_time:	24	Counter:	2400000
Threads:	4	All_time:	88	Working_time:	57	Synch_time:	31	Counter:	2400000
Threads:	6	All_time:	87	Working_time:	50	Synch_time:	37	Counter:	2400000
Threads:	8	All_time:	82	Working_time:	55	Synch_time:	27	Counter:	2400000
Threads:	10	All_time:	95	Working_time:	57	Synch_time:	38	Counter:	2400000
Threads:	12	All_time:	89	Working_time:	51	Synch_time:	38	Counter:	2400000
Threads:	16	All_time:	92	Working_time:	41	Synch_time:	50	Counter:	2400000
Threads:	20	All_time:	101	Working_time:	45	Synch_time:	56	Counter:	2400000
Threads:	24	All_time:	97	Working_time:	38	Synch_time:	58	Counter:	2400000
Threads:	1	All_time:	46	Working_time:	46	Synch_time:	0	Counter:	2400000
Threads:	2	All_time:	84	Working_time:	53	Synch_time:	31	Counter:	2400000
Threads:	4	All_time:	84	Working_time:	54	Synch_time:	29	Counter:	2400000
Threads:	6	All_time:	91	Working_time:	53	Synch_time:	37	Counter:	2400000
Threads:	8	All_time:	84	Working_time:	48	Synch_time:	35	Counter:	2400000
Threads:	10	All_time:	89	Working_time:	47	Synch_time:	42	Counter:	2400000
Threads:	12	All_time:	97	Working_time:	52	Synch_time:	45	Counter:	2400000
Threads:	16	All_time:	99	Working_time:	55	Synch_time:	44	Counter:	2400000
Threads:	20	All_time:	100	Working_time:	43	Synch_time:	57	Counter:	2400000
Threads:	24	All_time:	92	Working_time:	29	Synch_time:	63	Counter:	2400000
Threads:	1	All_time:	48	Working_time:	48	Synch_time:	0	Counter:	2400000
Threads:	2	All_time:	96	Working_time:	61	Synch_time:	34	Counter:	2400000
Threads:	4	All_time:	91	Working_time:	56	Synch_time:	34	Counter:	2400000
Threads:	6	All_time:	91	Working_time:	49	Synch_time:	41	Counter:	2400000
Threads:	8	All_time:	87	Working_time:	50	Synch_time:	36	Counter:	2400000
Threads:	10	All_time:	101	Working_time:	57	Synch_time:	44	Counter:	2400000
Threads:	12	All_time:	91	Working_time:	47	Synch_time:	44	Counter:	2400000
Threads:	16	All_time:	99	Working_time:	48	Synch_time:	50	Counter:	2400000
Threads:	20	All_time:	96	Working_time:	39	Synch_time:	56	Counter:	2400000
Threads:	24	All_time:	98	Working_time:	36	Synch_time:	62	Counter:	2400000
