Threads:	1	All_time:	49	Working_time:	49	Synch_time:	0	Counter:	2400000
Threads:	2	All_time:	87	Working_time:	83	Synch_time:	3	Counter:	2400000
Threads:	4	All_time:	78	Working_time:	75	Synch_time:	3	Counter:	2400000
Threads:	6	All_time:	74	Working_time:	68	Synch_time:	6	Counter:	2400000
Threads:	8	All_time:	81	Working_time:	69	Synch_time:	12	Counter:	2400000
Threads:	10	All_time:	80	Working_time:	64	Synch_time:	16	Counter:	2400000
Threads:	12	All_time:	80	Working_time:	57	Synch_time:	22	Counter:	2400000
Threads:	16	All_time:	81	Working_time:	54	Synch_time:	26	Counter:	2400000
Threads:	20	All_time:	79	Working_time:	42	Synch_time:	37	Counter:	2400000
Threads:	24	All_time:	81	Working_time:	26	Synch_time:	54	Counter:	2400000
Threads:	1	All_time:	47	Working_time:	47	Synch_time:	0	Counter:	2400000
Threads:	2	All_time:	75	Working_time:	67	Synch_time:	8	Counter:	2400000
Threads:	4	All_time:	75	Working_time:	72	Synch_time:	3	Counter:	2400000
Threads:	6	All_time:	72	Working_time:	65	Synch_time:	6	Counter:	2400000
Threads:	8	All_time:	78	Working_time:	67	Synch_time:	10	Counter:	2400000
Threads:	10	All_time:	74	Working_time:	56	Synch_time:	17	Counter:	2400000
Threads:	12	All_time:	84	Working_time:	66	Synch_time:	18	Counter:	2400000
Threads:	16	All_time:	85	Working_time:	60	Synch_time:	25	Counter:	2400000
Threads:	20	All_time:	84	Working_time:	34	Synch_time:	49	Counter:	2400000
Threads:	24	All_time:	82	Working_time:	33	Synch_time:	49	Counter:	2400000
Threads:	1	All_time:	50	Working_time:	50	Synch_time:	0	Counter:	2400000
Threads:	2	All_time:	85	Working_time:	82	Synch_time:	3	Counter:	2400000
Threads:	4	All_time:	71	Working_time:	63	Synch_time:	8	Counter:	2400000
Threads:	6	All_time:	78	Working_time:	70	Synch_time:	8	Counter:	2400000
Threads:	8	All_time:	84	Working_time:	73	Synch_time:	10	Counter:	2400000
Threads:	10	All_time:	79	Working_time:	61	Synch_time:	17	Counter:	2400000
Threads:	12	All_time:	81	Working_time:	60	Synch_time:	21	Counter:	2400000
Threads:	16	All_time:	85	Working_time:	64	Synch_time:	20	Counter:	2400000
Threads:	20	All_time:	82	Working_time:	38	Synch_time:	44	Counter:	2400000
Threads:	24	All_time:	83	Working_time:	27	Synch_time:	55	Counter:	2400000
