Threads:	1	All_time:	40	Working_time:	40	Synch_time:	0	Counter:	2400000
Threads:	2	All_time:	68	Working_time:	68	Synch_time:	0	Counter:	2400000
Threads:	4	All_time:	64	Working_time:	64	Synch_time:	0	Counter:	2400000
Threads:	6	All_time:	130	Working_time:	130	Synch_time:	0	Counter:	2400000
Threads:	8	All_time:	184	Working_time:	184	Synch_time:	0	Counter:	2400000
Threads:	10	All_time:	243	Working_time:	243	Synch_time:	0	Counter:	2400000
Threads:	12	All_time:	327	Working_time:	261	Synch_time:	66	Counter:	2400000
Threads:	16	All_time:	528	Working_time:	352	Synch_time:	176	Counter:	2400000
Threads:	20	All_time:	632	Working_time:	392	Synch_time:	240	Counter:	2400000
Threads:	24	All_time:	864	Working_time:	469	Synch_time:	394	Counter:	2400000
Threads:	1	All_time:	41	Working_time:	41	Synch_time:	0	Counter:	2400000
Threads:	2	All_time:	64	Working_time:	64	Synch_time:	0	Counter:	2400000
Threads:	4	All_time:	90	Working_time:	90	Synch_time:	0	Counter:	2400000
Threads:	6	All_time:	136	Working_time:	136	Synch_time:	0	Counter:	2400000
Threads:	8	All_time:	187	Working_time:	187	Synch_time:	0	Counter:	2400000
Threads:	10	All_time:	247	Working_time:	247	Synch_time:	0	Counter:	2400000
Threads:	12	All_time:	324	Working_time:	255	Synch_time:	68	Counter:	2400000
Threads:	16	All_time:	526	Working_time:	352	Synch_time:	173	Counter:	2400000
Threads:	20	All_time:	645	Working_time:	395	Synch_time:	249	Counter:	2400000
Threads:	24	All_time:	808	Working_time:	467	Synch_time:	340	Counter:	2400000
Threads:	1	All_time:	42	Working_time:	42	Synch_time:	0	Counter:	2400000
Threads:	2	All_time:	65	Working_time:	65	Synch_time:	0	Counter:	2400000
Threads:	4	All_time:	87	Working_time:	87	Synch_time:	0	Counter:	2400000
Threads:	6	All_time:	126	Working_time:	126	Synch_time:	0	Counter:	2400000
Threads:	8	All_time:	160	Working_time:	160	Synch_time:	0	Counter:	2400000
Threads:	10	All_time:	249	Working_time:	249	Synch_time:	0	Counter:	2400000
Threads:	12	All_time:	298	Working_time:	229	Synch_time:	69	Counter:	2400000
Threads:	16	All_time:	494	Working_time:	346	Synch_time:	148	Counter:	2400000
Threads:	20	All_time:	654	Working_time:	402	Synch_time:	252	Counter:	2400000
Threads:	24	All_time:	763	Working_time:	455	Synch_time:	307	Counter:	2400000
