Threads:	1	All_time:	44	Working_time:	44	Synch_time:	0	Counter:	2400000
Threads:	2	All_time:	70	Working_time:	70	Synch_time:	0	Counter:	2400000
Threads:	4	All_time:	102	Working_time:	102	Synch_time:	0	Counter:	2400000
Threads:	6	All_time:	129	Working_time:	129	Synch_time:	0	Counter:	2400000
Threads:	8	All_time:	183	Working_time:	183	Synch_time:	0	Counter:	2400000
Threads:	10	All_time:	206	Working_time:	206	Synch_time:	0	Counter:	2400000
Threads:	12	All_time:	227	Working_time:	227	Synch_time:	0	Counter:	2400000
Threads:	16	All_time:	265	Working_time:	203	Synch_time:	62	Counter:	2400000
Threads:	20	All_time:	390	Working_time:	170	Synch_time:	220	Counter:	2400000
Threads:	24	All_time:	562	Working_time:	146	Synch_time:	416	Counter:	2400000
Threads:	1	All_time:	43	Working_time:	43	Synch_time:	0	Counter:	2400000
Threads:	2	All_time:	70	Working_time:	70	Synch_time:	0	Counter:	2400000
Threads:	4	All_time:	118	Working_time:	118	Synch_time:	0	Counter:	2400000
Threads:	6	All_time:	139	Working_time:	139	Synch_time:	0	Counter:	2400000
Threads:	8	All_time:	123	Working_time:	123	Synch_time:	0	Counter:	2400000
Threads:	10	All_time:	137	Working_time:	137	Synch_time:	0	Counter:	2400000
Threads:	12	All_time:	245	Working_time:	245	Synch_time:	0	Counter:	2400000
Threads:	16	All_time:	192	Working_time:	125	Synch_time:	66	Counter:	2400000
Threads:	20	All_time:	350	Working_time:	210	Synch_time:	140	Counter:	2400000
Threads:	24	All_time:	523	Working_time:	123	Synch_time:	400	Counter:	2400000
Threads:	1	All_time:	45	Working_time:	45	Synch_time:	0	Counter:	2400000
Threads:	2	All_time:	76	Working_time:	76	Synch_time:	0	Counter:	2400000
Threads:	4	All_time:	128	Working_time:	128	Synch_time:	0	Counter:	2400000
Threads:	6	All_time:	148	Working_time:	148	Synch_time:	0	Counter:	2400000
Threads:	8	All_time:	185	Working_time:	185	Synch_time:	0	Counter:	2400000
Threads:	10	All_time:	156	Working_time:	156	Synch_time:	0	Counter:	2400000
Threads:	12	All_time:	167	Working_time:	167	Synch_time:	0	Counter:	2400000
Threads:	16	All_time:	334	Working_time:	151	Synch_time:	182	Counter:	2400000
Threads:	20	All_time:	364	Working_time:	143	Synch_time:	220	Counter:	2400000
Threads:	24	All_time:	524	Working_time:	135	Synch_time:	389	Counter:	2400000
