Threads:	1	All_time:	45	Working_time:	45	Synch_time:	0	Counter:	2400000
Threads:	2	All_time:	67	Working_time:	66	Synch_time:	0	Counter:	2400000
Threads:	4	All_time:	74	Working_time:	74	Synch_time:	0	Counter:	2400000
Threads:	6	All_time:	84	Working_time:	83	Synch_time:	0	Counter:	2400000
Threads:	8	All_time:	103	Working_time:	95	Synch_time:	8	Counter:	2400000
Threads:	10	All_time:	118	Working_time:	118	Synch_time:	0	Counter:	2400000
Threads:	12	All_time:	129	Working_time:	125	Synch_time:	3	Counter:	2400000
Threads:	16	All_time:	138	Working_time:	129	Synch_time:	9	Counter:	2400000
Threads:	20	All_time:	173	Working_time:	160	Synch_time:	12	Counter:	2400000
Threads:	24	All_time:	177	Working_time:	138	Synch_time:	39	Counter:	2400000
Threads:	1	All_time:	45	Working_time:	45	Synch_time:	0	Counter:	2400000
Threads:	2	All_time:	62	Working_time:	62	Synch_time:	0	Counter:	2400000
Threads:	4	All_time:	72	Working_time:	72	Synch_time:	0	Counter:	2400000
Threads:	6	All_time:	95	Working_time:	94	Synch_time:	0	Counter:	2400000
Threads:	8	All_time:	99	Working_time:	97	Synch_time:	2	Counter:	2400000
Threads:	10	All_time:	118	Working_time:	118	Synch_time:	0	Counter:	2400000
Threads:	12	All_time:	130	Working_time:	122	Synch_time:	7	Counter:	2400000
Threads:	16	All_time:	145	Working_time:	142	Synch_time:	3	Counter:	2400000
Threads:	20	All_time:	173	Working_time:	159	Synch_time:	14	Counter:	2400000
Threads:	24	All_time:	201	Working_time:	170	Synch_time:	31	Counter:	2400000
Threads:	1	All_time:	45	Working_time:	45	Synch_time:	0	Counter:	2400000
Threads:	2	All_time:	64	Working_time:	64	Synch_time:	0	Counter:	2400000
Threads:	4	All_time:	77	Working_time:	77	Synch_time:	0	Counter:	2400000
Threads:	6	All_time:	91	Working_time:	90	Synch_time:	0	Counter:	2400000
Threads:	8	All_time:	96	Working_time:	93	Synch_time:	2	Counter:	2400000
Threads:	10	All_time:	123	Working_time:	121	Synch_time:	1	Counter:	2400000
Threads:	12	All_time:	131	Working_time:	125	Synch_time:	5	Counter:	2400000
Threads:	16	All_time:	141	Working_time:	132	Synch_time:	8	Counter:	2400000
Threads:	20	All_time:	163	Working_time:	154	Synch_time:	9	Counter:	2400000
Threads:	24	All_time:	192	Working_time:	165	Synch_time:	26	Counter:	2400000
