Threads:	1	All_time:	46	Working_time:	46	Synch_time:	0	Counter:	2400000
Threads:	2	All_time:	45	Working_time:	40	Synch_time:	5	Counter:	2400000
Threads:	4	All_time:	60	Working_time:	40	Synch_time:	19	Counter:	2400000
Threads:	6	All_time:	91	Working_time:	52	Synch_time:	38	Counter:	2400000
Threads:	8	All_time:	96	Working_time:	60	Synch_time:	36	Counter:	2400000
Threads:	10	All_time:	140	Working_time:	70	Synch_time:	70	Counter:	2400000
Threads:	12	All_time:	149	Working_time:	62	Synch_time:	87	Counter:	2400000
Threads:	16	All_time:	134	Working_time:	70	Synch_time:	64	Counter:	2400000
Threads:	20	All_time:	163	Working_time:	70	Synch_time:	93	Counter:	2400000
Threads:	24	All_time:	206	Working_time:	89	Synch_time:	116	Counter:	2400000
Threads:	1	All_time:	46	Working_time:	46	Synch_time:	0	Counter:	2400000
Threads:	2	All_time:	46	Working_time:	39	Synch_time:	6	Counter:	2400000
Threads:	4	All_time:	66	Working_time:	45	Synch_time:	21	Counter:	2400000
Threads:	6	All_time:	105	Working_time:	54	Synch_time:	51	Counter:	2400000
Threads:	8	All_time:	107	Working_time:	63	Synch_time:	44	Counter:	2400000
Threads:	10	All_time:	121	Working_time:	69	Synch_time:	51	Counter:	2400000
Threads:	12	All_time:	141	Working_time:	71	Synch_time:	70	Counter:	2400000
Threads:	16	All_time:	141	Working_time:	73	Synch_time:	67	Counter:	2400000
Threads:	20	All_time:	160	Working_time:	83	Synch_time:	77	Counter:	2400000
Threads:	24	All_time:	218	Working_time:	88	Synch_time:	130	Counter:	2400000
Threads:	1	All_time:	45	Working_time:	45	Synch_time:	0	Counter:	2400000
Threads:	2	All_time:	44	Working_time:	39	Synch_time:	5	Counter:	2400000
Threads:	4	All_time:	71	Working_time:	46	Synch_time:	25	Counter:	2400000
Threads:	6	All_time:	97	Working_time:	53	Synch_time:	44	Counter:	2400000
Threads:	8	All_time:	109	Working_time:	68	Synch_time:	41	Counter:	2400000
Threads:	10	All_time:	110	Working_time:	71	Synch_time:	38	Counter:	2400000
Threads:	12	All_time:	131	Working_time:	57	Synch_time:	74	Counter:	2400000
Threads:	16	All_time:	168	Working_time:	58	Synch_time:	109	Counter:	2400000
Threads:	20	All_time:	188	Working_time:	102	Synch_time:	85	Counter:	2400000
Threads:	24	All_time:	189	Working_time:	76	Synch_time:	112	Counter:	2400000
