Threads:	1	All_time:	55	Working_time:	54	Synch_time:	1	Counter:	2400000
Threads:	2	All_time:	59	Working_time:	33	Synch_time:	26	Counter:	2400000
Threads:	4	All_time:	60	Working_time:	20	Synch_time:	39	Counter:	2400000
Threads:	6	All_time:	67	Working_time:	17	Synch_time:	50	Counter:	2400000
Threads:	8	All_time:	67	Working_time:	14	Synch_time:	52	Counter:	2400000
Threads:	10	All_time:	64	Working_time:	13	Synch_time:	50	Counter:	2400000
Threads:	12	All_time:	69	Working_time:	13	Synch_time:	56	Counter:	2400000
Threads:	16	All_time:	67	Working_time:	10	Synch_time:	57	Counter:	2400000
Threads:	20	All_time:	88	Working_time:	11	Synch_time:	76	Counter:	2400000
Threads:	24	All_time:	85	Working_time:	11	Synch_time:	74	Counter:	2400000
Threads:	1	All_time:	54	Working_time:	53	Synch_time:	1	Counter:	2400000
Threads:	2	All_time:	58	Working_time:	33	Synch_time:	25	Counter:	2400000
Threads:	4	All_time:	56	Working_time:	19	Synch_time:	37	Counter:	2400000
Threads:	6	All_time:	65	Working_time:	18	Synch_time:	47	Counter:	2400000
Threads:	8	All_time:	70	Working_time:	15	Synch_time:	55	Counter:	2400000
Threads:	10	All_time:	67	Working_time:	13	Synch_time:	54	Counter:	2400000
Threads:	12	All_time:	69	Working_time:	11	Synch_time:	58	Counter:	2400000
Threads:	16	All_time:	77	Working_time:	11	Synch_time:	65	Counter:	2400000
Threads:	20	All_time:	79	Working_time:	10	Synch_time:	68	Counter:	2400000
Threads:	24	All_time:	78	Working_time:	10	Synch_time:	67	Counter:	2400000
Threads:	1	All_time:	52	Working_time:	51	Synch_time:	1	Counter:	2400000
Threads:	2	All_time:	55	Working_time:	33	Synch_time:	22	Counter:	2400000
Threads:	4	All_time:	61	Working_time:	20	Synch_time:	41	Counter:	2400000
Threads:	6	All_time:	68	Working_time:	17	Synch_time:	50	Counter:	2400000
Threads:	8	All_time:	69	Working_time:	14	Synch_time:	55	Counter:	2400000
Threads:	10	All_time:	71	Working_time:	13	Synch_time:	58	Counter:	2400000
Threads:	12	All_time:	71	Working_time:	12	Synch_time:	58	Counter:	2400000
Threads:	16	All_time:	78	Working_time:	12	Synch_time:	66	Counter:	2400000
Threads:	20	All_time:	79	Working_time:	11	Synch_time:	67	Counter:	2400000
Threads:	24	All_time:	76	Working_time:	10	Synch_time:	66	Counter:	2400000
