Threads:	1	All_time:	55	Working_time:	55	Synch_time:	0	Counter:	2400000
Threads:	2	All_time:	90	Working_time:	90	Synch_time:	0	Counter:	2400000
Threads:	4	All_time:	103	Working_time:	103	Synch_time:	0	Counter:	2400000
Threads:	6	All_time:	105	Working_time:	105	Synch_time:	0	Counter:	2400000
Threads:	8	All_time:	116	Working_time:	116	Synch_time:	0	Counter:	2400000
Threads:	10	All_time:	118	Working_time:	116	Synch_time:	2	Counter:	2400000
Threads:	12	All_time:	140	Working_time:	139	Synch_time:	1	Counter:	2400000
Threads:	16	All_time:	129	Working_time:	126	Synch_time:	2	Counter:	2400000
Threads:	20	All_time:	134	Working_time:	117	Synch_time:	16	Counter:	2400000
Threads:	24	All_time:	222	Working_time:	139	Synch_time:	83	Counter:	2400000
Threads:	1	All_time:	56	Working_time:	56	Synch_time:	0	Counter:	2400000
Threads:	2	All_time:	89	Working_time:	89	Synch_time:	0	Counter:	2400000
Threads:	4	All_time:	48	Working_time:	48	Synch_time:	0	Counter:	2400000
Threads:	6	All_time:	90	Working_time:	89	Synch_time:	0	Counter:	2400000
Threads:	8	All_time:	99	Working_time:	98	Synch_time:	0	Counter:	2400000
Threads:	10	All_time:	118	Working_time:	117	Synch_time:	0	Counter:	2400000
Threads:	12	All_time:	112	Working_time:	111	Synch_time:	0	Counter:	2400000
Threads:	16	All_time:	131	Working_time:	128	Synch_time:	2	Counter:	2400000
Threads:	20	All_time:	129	Working_time:	125	Synch_time:	3	Counter:	2400000
Threads:	24	All_time:	203	Working_time:	139	Synch_time:	63	Counter:	2400000
Threads:	1	All_time:	53	Working_time:	53	Synch_time:	0	Counter:	2400000
Threads:	2	All_time:	91	Working_time:	91	Synch_time:	0	Counter:	2400000
Threads:	4	All_time:	97	Working_time:	97	Synch_time:	0	Counter:	2400000
Threads:	6	All_time:	90	Working_time:	90	Synch_time:	0	Counter:	2400000
Threads:	8	All_time:	116	Working_time:	115	Synch_time:	0	Counter:	2400000
Threads:	10	All_time:	117	Working_time:	115	Synch_time:	1	Counter:	2400000
Threads:	12	All_time:	122	Working_time:	121	Synch_time:	0	Counter:	2400000
Threads:	16	All_time:	132	Working_time:	130	Synch_time:	2	Counter:	2400000
Threads:	20	All_time:	126	Working_time:	120	Synch_time:	5	Counter:	2400000
Threads:	24	All_time:	223	Working_time:	131	Synch_time:	92	Counter:	2400000
