Threads:	1	All_time:	55	Working_time:	55	Synch_time:	0	Counter:	2400000
Threads:	2	All_time:	80	Working_time:	80	Synch_time:	0	Counter:	2400000
Threads:	4	All_time:	102	Working_time:	102	Synch_time:	0	Counter:	2400000
Threads:	6	All_time:	107	Working_time:	107	Synch_time:	0	Counter:	2400000
Threads:	8	All_time:	111	Working_time:	110	Synch_time:	0	Counter:	2400000
Threads:	10	All_time:	115	Working_time:	114	Synch_time:	1	Counter:	2400000
Threads:	12	All_time:	125	Working_time:	124	Synch_time:	1	Counter:	2400000
Threads:	16	All_time:	137	Working_time:	134	Synch_time:	3	Counter:	2400000
Threads:	20	All_time:	152	Working_time:	148	Synch_time:	3	Counter:	2400000
Threads:	24	All_time:	214	Working_time:	146	Synch_time:	68	Counter:	2400000
Threads:	1	All_time:	53	Working_time:	53	Synch_time:	0	Counter:	2400000
Threads:	2	All_time:	92	Working_time:	92	Synch_time:	0	Counter:	2400000
Threads:	4	All_time:	75	Working_time:	75	Synch_time:	0	Counter:	2400000
Threads:	6	All_time:	103	Working_time:	102	Synch_time:	1	Counter:	2400000
Threads:	8	All_time:	99	Working_time:	98	Synch_time:	1	Counter:	2400000
Threads:	10	All_time:	106	Working_time:	104	Synch_time:	1	Counter:	2400000
Threads:	12	All_time:	125	Working_time:	124	Synch_time:	0	Counter:	2400000
Threads:	16	All_time:	132	Working_time:	131	Synch_time:	0	Counter:	2400000
Threads:	20	All_time:	151	Working_time:	146	Synch_time:	4	Counter:	2400000
Threads:	24	All_time:	234	Working_time:	161	Synch_time:	72	Counter:	2400000
Threads:	1	All_time:	56	Working_time:	56	Synch_time:	0	Counter:	2400000
Threads:	2	All_time:	80	Working_time:	80	Synch_time:	0	Counter:	2400000
Threads:	4	All_time:	105	Working_time:	105	Synch_time:	0	Counter:	2400000
Threads:	6	All_time:	105	Working_time:	104	Synch_time:	0	Counter:	2400000
Threads:	8	All_time:	111	Working_time:	110	Synch_time:	1	Counter:	2400000
Threads:	10	All_time:	118	Working_time:	116	Synch_time:	2	Counter:	2400000
Threads:	12	All_time:	123	Working_time:	123	Synch_time:	0	Counter:	2400000
Threads:	16	All_time:	137	Working_time:	134	Synch_time:	3	Counter:	2400000
Threads:	20	All_time:	157	Working_time:	153	Synch_time:	3	Counter:	2400000
Threads:	24	All_time:	218	Working_time:	133	Synch_time:	85	Counter:	2400000
