Threads:	1	All_time:	59	Working_time:	59	Synch_time:	0	Counter:	2400000
Threads:	2	All_time:	75	Working_time:	75	Synch_time:	0	Counter:	2400000
Threads:	4	All_time:	63	Working_time:	62	Synch_time:	0	Counter:	2400000
Threads:	6	All_time:	97	Working_time:	96	Synch_time:	1	Counter:	2400000
Threads:	8	All_time:	103	Working_time:	102	Synch_time:	0	Counter:	2400000
Threads:	10	All_time:	104	Working_time:	104	Synch_time:	0	Counter:	2400000
Threads:	12	All_time:	115	Working_time:	114	Synch_time:	0	Counter:	2400000
Threads:	16	All_time:	130	Working_time:	128	Synch_time:	1	Counter:	2400000
Threads:	20	All_time:	128	Working_time:	126	Synch_time:	2	Counter:	2400000
Threads:	24	All_time:	272	Working_time:	167	Synch_time:	104	Counter:	2400000
Threads:	1	All_time:	70	Working_time:	70	Synch_time:	0	Counter:	2400000
Threads:	2	All_time:	82	Working_time:	82	Synch_time:	0	Counter:	2400000
Threads:	4	All_time:	84	Working_time:	84	Synch_time:	0	Counter:	2400000
Threads:	6	All_time:	96	Working_time:	96	Synch_time:	0	Counter:	2400000
Threads:	8	All_time:	101	Working_time:	100	Synch_time:	0	Counter:	2400000
Threads:	10	All_time:	107	Working_time:	107	Synch_time:	0	Counter:	2400000
Threads:	12	All_time:	106	Working_time:	106	Synch_time:	0	Counter:	2400000
Threads:	16	All_time:	137	Working_time:	137	Synch_time:	0	Counter:	2400000
Threads:	20	All_time:	117	Working_time:	116	Synch_time:	0	Counter:	2400000
Threads:	24	All_time:	254	Working_time:	171	Synch_time:	83	Counter:	2400000
Threads:	1	All_time:	58	Working_time:	58	Synch_time:	0	Counter:	2400000
Threads:	2	All_time:	81	Working_time:	81	Synch_time:	0	Counter:	2400000
Threads:	4	All_time:	88	Working_time:	87	Synch_time:	0	Counter:	2400000
Threads:	6	All_time:	95	Working_time:	95	Synch_time:	0	Counter:	2400000
Threads:	8	All_time:	102	Working_time:	102	Synch_time:	0	Counter:	2400000
Threads:	10	All_time:	109	Working_time:	108	Synch_time:	0	Counter:	2400000
Threads:	12	All_time:	116	Working_time:	115	Synch_time:	1	Counter:	2400000
Threads:	16	All_time:	131	Working_time:	131	Synch_time:	0	Counter:	2400000
Threads:	20	All_time:	129	Working_time:	123	Synch_time:	5	Counter:	2400000
Threads:	24	All_time:	253	Working_time:	163	Synch_time:	89	Counter:	2400000
